2014/06/14 06:57:54 [error] [php] Undefined variable: page (C:\wamp\www\hebo\themes\hebo\views\layouts\navigation.php:14)
Stack trace:
#0 C:\wamp\www\hebo\zania-it\web\CBaseController.php(95): SiteController->renderInternal()
#1 C:\wamp\www\hebo\zania-it\web\widgets\CContentDecorator.php(76): SiteController->renderFile()
#2 C:\wamp\www\hebo\zania-it\web\widgets\CContentDecorator.php(54): CContentDecorator->decorate()
#3 C:\wamp\www\hebo\zania-it\web\widgets\COutputProcessor.php(44): CContentDecorator->processOutput()
#4 C:\wamp\www\hebo\zania-it\web\CBaseController.php(206): CContentDecorator->run()
#5 C:\wamp\www\hebo\zania-it\web\CBaseController.php(300): SiteController->endWidget()
#6 C:\wamp\www\hebo\themes\hebo\views\layouts\column1.php(10): SiteController->endContent()
#7 C:\wamp\www\hebo\zania-it\web\CBaseController.php(126): require()
#8 C:\wamp\www\hebo\zania-it\web\CBaseController.php(95): SiteController->renderInternal()
#9 C:\wamp\www\hebo\zania-it\web\CController.php(784): SiteController->renderFile()
#10 C:\wamp\www\hebo\protected\controllers\SiteController.php(32): SiteController->render()
#11 C:\wamp\www\hebo\zania-it\web\actions\CInlineAction.php(49): SiteController->actionIndex()
#12 C:\wamp\www\hebo\zania-it\web\CController.php(308): CInlineAction->runWithParams()
#13 C:\wamp\www\hebo\zania-it\web\CController.php(286): SiteController->runAction()
#14 C:\wamp\www\hebo\zania-it\web\CController.php(265): SiteController->runActionWithFilters()
#15 C:\wamp\www\hebo\zania-it\web\CWebApplication.php(282): SiteController->run()
#16 C:\wamp\www\hebo\zania-it\web\CWebApplication.php(141): CWebApplication->runController()
#17 C:\wamp\www\hebo\zania-it\base\CApplication.php(180): CWebApplication->processRequest()
#18 C:\wamp\www\hebo\index.php(14): CWebApplication->run()
REQUEST_URI=/hebo/index.php
